{"name":"hexo","hostname":"localhost","pid":3927,"level":20,"msg":"Hexo version: \u001b[35m3.2.0\u001b[39m","time":"2016-04-04T15:44:14.318Z","v":0}
{"name":"hexo","hostname":"localhost","pid":3927,"level":20,"msg":"Working directory: \u001b[35m~/Documents/karlNodeJsWeb/\u001b[39m","time":"2016-04-04T15:44:14.321Z","v":0}
{"name":"hexo","hostname":"localhost","pid":3927,"level":20,"msg":"Updating package.json","time":"2016-04-04T15:44:14.412Z","v":0}
{"name":"hexo","hostname":"localhost","pid":3927,"level":20,"msg":"Config loaded: \u001b[35m~/Documents/karlNodeJsWeb/_config.yml\u001b[39m","time":"2016-04-04T15:44:14.422Z","v":0}
{"name":"hexo","hostname":"localhost","pid":3927,"level":20,"msg":"Script loaded: \u001b[35mthemes/landscape/scripts/fancybox.js\u001b[39m","time":"2016-04-04T15:44:14.433Z","v":0}
{"name":"hexo","hostname":"localhost","pid":3927,"level":20,"msg":"Plugin loaded: \u001b[35mhexo-generator-archive\u001b[39m","time":"2016-04-04T15:44:14.436Z","v":0}
{"name":"hexo","hostname":"localhost","pid":3927,"level":20,"msg":"Plugin loaded: \u001b[35mhexo-generator-category\u001b[39m","time":"2016-04-04T15:44:14.438Z","v":0}
{"name":"hexo","hostname":"localhost","pid":3927,"level":20,"msg":"Plugin loaded: \u001b[35mhexo-generator-index\u001b[39m","time":"2016-04-04T15:44:14.439Z","v":0}
{"name":"hexo","hostname":"localhost","pid":3927,"level":20,"msg":"Plugin loaded: \u001b[35mhexo-generator-tag\u001b[39m","time":"2016-04-04T15:44:14.440Z","v":0}
{"name":"hexo","hostname":"localhost","pid":3927,"level":20,"msg":"Plugin loaded: \u001b[35mhexo-renderer-ejs\u001b[39m","time":"2016-04-04T15:44:14.442Z","v":0}
{"name":"hexo","hostname":"localhost","pid":3927,"level":20,"msg":"Plugin loaded: \u001b[35mhexo-renderer-stylus\u001b[39m","time":"2016-04-04T15:44:14.444Z","v":0}
{"name":"hexo","hostname":"localhost","pid":3927,"level":20,"msg":"Plugin loaded: \u001b[35mhexo-renderer-marked\u001b[39m","time":"2016-04-04T15:44:14.451Z","v":0}
{"name":"hexo","hostname":"localhost","pid":3927,"level":20,"msg":"Plugin loaded: \u001b[35mhexo-server\u001b[39m","time":"2016-04-04T15:44:14.521Z","v":0}
{"name":"hexo","hostname":"localhost","pid":3927,"level":30,"msg":"Start processing","time":"2016-04-04T15:44:14.535Z","v":0}
{"name":"hexo","hostname":"localhost","pid":3927,"level":20,"msg":"Theme config loaded.","time":"2016-04-04T15:44:14.663Z","v":0}
{"name":"hexo","hostname":"localhost","pid":3927,"level":20,"msg":"Processed: \u001b[35m_config.yml\u001b[39m","time":"2016-04-04T15:44:14.665Z","v":0}
{"name":"hexo","hostname":"localhost","pid":3927,"level":20,"msg":"Processed: \u001b[35msource/css/style.styl\u001b[39m","time":"2016-04-04T15:44:14.668Z","v":0}
{"name":"hexo","hostname":"localhost","pid":3927,"level":20,"msg":"Processed: \u001b[35msource/fancybox/blank.gif\u001b[39m","time":"2016-04-04T15:44:14.669Z","v":0}
{"name":"hexo","hostname":"localhost","pid":3927,"level":20,"msg":"Processed: \u001b[35msource/fancybox/fancybox_loading.gif\u001b[39m","time":"2016-04-04T15:44:14.670Z","v":0}
{"name":"hexo","hostname":"localhost","pid":3927,"level":20,"msg":"Processed: \u001b[35msource/fancybox/fancybox_loading@2x.gif\u001b[39m","time":"2016-04-04T15:44:14.670Z","v":0}
{"name":"hexo","hostname":"localhost","pid":3927,"level":20,"msg":"Processed: \u001b[35msource/fancybox/fancybox_overlay.png\u001b[39m","time":"2016-04-04T15:44:14.677Z","v":0}
{"name":"hexo","hostname":"localhost","pid":3927,"level":20,"msg":"Processed: \u001b[35msource/fancybox/fancybox_sprite.png\u001b[39m","time":"2016-04-04T15:44:14.678Z","v":0}
{"name":"hexo","hostname":"localhost","pid":3927,"level":20,"msg":"Processed: \u001b[35msource/fancybox/fancybox_sprite@2x.png\u001b[39m","time":"2016-04-04T15:44:14.678Z","v":0}
{"name":"hexo","hostname":"localhost","pid":3927,"level":20,"msg":"Processed: \u001b[35msource/fancybox/jquery.fancybox.css\u001b[39m","time":"2016-04-04T15:44:14.679Z","v":0}
{"name":"hexo","hostname":"localhost","pid":3927,"level":20,"msg":"Processed: \u001b[35msource/fancybox/jquery.fancybox.js\u001b[39m","time":"2016-04-04T15:44:14.680Z","v":0}
{"name":"hexo","hostname":"localhost","pid":3927,"level":20,"msg":"Processed: \u001b[35msource/fancybox/jquery.fancybox.pack.js\u001b[39m","time":"2016-04-04T15:44:14.681Z","v":0}
{"name":"hexo","hostname":"localhost","pid":3927,"level":20,"msg":"Processed: \u001b[35msource/js/script.js\u001b[39m","time":"2016-04-04T15:44:14.683Z","v":0}
{"name":"hexo","hostname":"localhost","pid":3927,"level":20,"msg":"Processed: \u001b[35mlayout/archive.ejs\u001b[39m","time":"2016-04-04T15:44:14.710Z","v":0}
{"name":"hexo","hostname":"localhost","pid":3927,"level":20,"msg":"Processed: \u001b[35mlayout/category.ejs\u001b[39m","time":"2016-04-04T15:44:14.710Z","v":0}
{"name":"hexo","hostname":"localhost","pid":3927,"level":20,"msg":"Processed: \u001b[35mlayout/index.ejs\u001b[39m","time":"2016-04-04T15:44:14.710Z","v":0}
{"name":"hexo","hostname":"localhost","pid":3927,"level":20,"msg":"Processed: \u001b[35mlayout/layout.ejs\u001b[39m","time":"2016-04-04T15:44:14.710Z","v":0}
{"name":"hexo","hostname":"localhost","pid":3927,"level":20,"msg":"Processed: \u001b[35mlayout/page.ejs\u001b[39m","time":"2016-04-04T15:44:14.711Z","v":0}
{"name":"hexo","hostname":"localhost","pid":3927,"level":20,"msg":"Processed: \u001b[35mlayout/post.ejs\u001b[39m","time":"2016-04-04T15:44:14.711Z","v":0}
{"name":"hexo","hostname":"localhost","pid":3927,"level":20,"msg":"Processed: \u001b[35mlayout/tag.ejs\u001b[39m","time":"2016-04-04T15:44:14.711Z","v":0}
{"name":"hexo","hostname":"localhost","pid":3927,"level":20,"msg":"Processed: \u001b[35m_posts/hello-world.md\u001b[39m","time":"2016-04-04T15:44:14.724Z","v":0}
{"name":"hexo","hostname":"localhost","pid":3927,"level":20,"msg":"Processed: \u001b[35mlanguages/default.yml\u001b[39m","time":"2016-04-04T15:44:14.726Z","v":0}
{"name":"hexo","hostname":"localhost","pid":3927,"level":20,"msg":"Processed: \u001b[35mlanguages/fr.yml\u001b[39m","time":"2016-04-04T15:44:14.726Z","v":0}
{"name":"hexo","hostname":"localhost","pid":3927,"level":20,"msg":"Processed: \u001b[35mlanguages/nl.yml\u001b[39m","time":"2016-04-04T15:44:14.726Z","v":0}
{"name":"hexo","hostname":"localhost","pid":3927,"level":20,"msg":"Processed: \u001b[35mlanguages/no.yml\u001b[39m","time":"2016-04-04T15:44:14.726Z","v":0}
{"name":"hexo","hostname":"localhost","pid":3927,"level":20,"msg":"Processed: \u001b[35mlanguages/ru.yml\u001b[39m","time":"2016-04-04T15:44:14.726Z","v":0}
{"name":"hexo","hostname":"localhost","pid":3927,"level":20,"msg":"Processed: \u001b[35mlanguages/zh-CN.yml\u001b[39m","time":"2016-04-04T15:44:14.726Z","v":0}
{"name":"hexo","hostname":"localhost","pid":3927,"level":20,"msg":"Processed: \u001b[35mlanguages/zh-TW.yml\u001b[39m","time":"2016-04-04T15:44:14.726Z","v":0}
{"name":"hexo","hostname":"localhost","pid":3927,"level":20,"msg":"Processed: \u001b[35msource/css/fonts/FontAwesome.otf\u001b[39m","time":"2016-04-04T15:44:14.733Z","v":0}
{"name":"hexo","hostname":"localhost","pid":3927,"level":20,"msg":"Processed: \u001b[35msource/css/fonts/fontawesome-webfont.eot\u001b[39m","time":"2016-04-04T15:44:14.734Z","v":0}
{"name":"hexo","hostname":"localhost","pid":3927,"level":20,"msg":"Processed: \u001b[35msource/css/fonts/fontawesome-webfont.woff\u001b[39m","time":"2016-04-04T15:44:14.736Z","v":0}
{"name":"hexo","hostname":"localhost","pid":3927,"level":20,"msg":"Processed: \u001b[35msource/fancybox/helpers/fancybox_buttons.png\u001b[39m","time":"2016-04-04T15:44:14.738Z","v":0}
{"name":"hexo","hostname":"localhost","pid":3927,"level":20,"msg":"Processed: \u001b[35msource/fancybox/helpers/jquery.fancybox-buttons.css\u001b[39m","time":"2016-04-04T15:44:14.741Z","v":0}
{"name":"hexo","hostname":"localhost","pid":3927,"level":20,"msg":"Processed: \u001b[35msource/fancybox/helpers/jquery.fancybox-buttons.js\u001b[39m","time":"2016-04-04T15:44:14.742Z","v":0}
{"name":"hexo","hostname":"localhost","pid":3927,"level":20,"msg":"Processed: \u001b[35msource/fancybox/helpers/jquery.fancybox-media.js\u001b[39m","time":"2016-04-04T15:44:14.745Z","v":0}
{"name":"hexo","hostname":"localhost","pid":3927,"level":20,"msg":"Processed: \u001b[35msource/fancybox/helpers/jquery.fancybox-thumbs.css\u001b[39m","time":"2016-04-04T15:44:14.746Z","v":0}
{"name":"hexo","hostname":"localhost","pid":3927,"level":20,"msg":"Processed: \u001b[35msource/fancybox/helpers/jquery.fancybox-thumbs.js\u001b[39m","time":"2016-04-04T15:44:14.746Z","v":0}
{"name":"hexo","hostname":"localhost","pid":3927,"level":20,"msg":"Processed: \u001b[35mlayout/_partial/after-footer.ejs\u001b[39m","time":"2016-04-04T15:44:14.785Z","v":0}
{"name":"hexo","hostname":"localhost","pid":3927,"level":20,"msg":"Processed: \u001b[35mlayout/_partial/archive-post.ejs\u001b[39m","time":"2016-04-04T15:44:14.786Z","v":0}
{"name":"hexo","hostname":"localhost","pid":3927,"level":20,"msg":"Processed: \u001b[35mlayout/_partial/archive.ejs\u001b[39m","time":"2016-04-04T15:44:14.786Z","v":0}
{"name":"hexo","hostname":"localhost","pid":3927,"level":20,"msg":"Processed: \u001b[35mlayout/_partial/article.ejs\u001b[39m","time":"2016-04-04T15:44:14.786Z","v":0}
{"name":"hexo","hostname":"localhost","pid":3927,"level":20,"msg":"Processed: \u001b[35mlayout/_partial/footer.ejs\u001b[39m","time":"2016-04-04T15:44:14.786Z","v":0}
{"name":"hexo","hostname":"localhost","pid":3927,"level":20,"msg":"Processed: \u001b[35mlayout/_partial/google-analytics.ejs\u001b[39m","time":"2016-04-04T15:44:14.786Z","v":0}
{"name":"hexo","hostname":"localhost","pid":3927,"level":20,"msg":"Processed: \u001b[35mlayout/_partial/head.ejs\u001b[39m","time":"2016-04-04T15:44:14.786Z","v":0}
{"name":"hexo","hostname":"localhost","pid":3927,"level":20,"msg":"Processed: \u001b[35mlayout/_partial/header.ejs\u001b[39m","time":"2016-04-04T15:44:14.786Z","v":0}
{"name":"hexo","hostname":"localhost","pid":3927,"level":20,"msg":"Processed: \u001b[35mlayout/_partial/mobile-nav.ejs\u001b[39m","time":"2016-04-04T15:44:14.786Z","v":0}
{"name":"hexo","hostname":"localhost","pid":3927,"level":20,"msg":"Processed: \u001b[35mlayout/_partial/sidebar.ejs\u001b[39m","time":"2016-04-04T15:44:14.786Z","v":0}
{"name":"hexo","hostname":"localhost","pid":3927,"level":20,"msg":"Processed: \u001b[35mlayout/_widget/archive.ejs\u001b[39m","time":"2016-04-04T15:44:14.786Z","v":0}
{"name":"hexo","hostname":"localhost","pid":3927,"level":20,"msg":"Processed: \u001b[35mlayout/_widget/category.ejs\u001b[39m","time":"2016-04-04T15:44:14.786Z","v":0}
{"name":"hexo","hostname":"localhost","pid":3927,"level":20,"msg":"Processed: \u001b[35mlayout/_widget/recent_posts.ejs\u001b[39m","time":"2016-04-04T15:44:14.786Z","v":0}
{"name":"hexo","hostname":"localhost","pid":3927,"level":20,"msg":"Processed: \u001b[35mlayout/_widget/tag.ejs\u001b[39m","time":"2016-04-04T15:44:14.786Z","v":0}
{"name":"hexo","hostname":"localhost","pid":3927,"level":20,"msg":"Processed: \u001b[35msource/css/fonts/fontawesome-webfont.ttf\u001b[39m","time":"2016-04-04T15:44:14.788Z","v":0}
{"name":"hexo","hostname":"localhost","pid":3927,"level":20,"msg":"Processed: \u001b[35mlayout/_widget/tagcloud.ejs\u001b[39m","time":"2016-04-04T15:44:14.789Z","v":0}
{"name":"hexo","hostname":"localhost","pid":3927,"level":20,"msg":"Processed: \u001b[35msource/css/images/banner.jpg\u001b[39m","time":"2016-04-04T15:44:14.791Z","v":0}
{"name":"hexo","hostname":"localhost","pid":3927,"level":20,"msg":"Processed: \u001b[35msource/css/fonts/fontawesome-webfont.svg\u001b[39m","time":"2016-04-04T15:44:14.791Z","v":0}
{"name":"hexo","hostname":"localhost","pid":3927,"level":20,"msg":"Processed: \u001b[35mlayout/_partial/post/category.ejs\u001b[39m","time":"2016-04-04T15:44:14.796Z","v":0}
{"name":"hexo","hostname":"localhost","pid":3927,"level":20,"msg":"Processed: \u001b[35mlayout/_partial/post/date.ejs\u001b[39m","time":"2016-04-04T15:44:14.796Z","v":0}
{"name":"hexo","hostname":"localhost","pid":3927,"level":20,"msg":"Processed: \u001b[35mlayout/_partial/post/tag.ejs\u001b[39m","time":"2016-04-04T15:44:14.796Z","v":0}
{"name":"hexo","hostname":"localhost","pid":3927,"level":20,"msg":"Processed: \u001b[35mlayout/_partial/post/nav.ejs\u001b[39m","time":"2016-04-04T15:44:14.797Z","v":0}
{"name":"hexo","hostname":"localhost","pid":3927,"level":20,"msg":"Processed: \u001b[35mlayout/_partial/post/title.ejs\u001b[39m","time":"2016-04-04T15:44:14.797Z","v":0}
{"name":"hexo","hostname":"localhost","pid":3927,"level":20,"msg":"Processed: \u001b[35mlayout/_partial/post/gallery.ejs\u001b[39m","time":"2016-04-04T15:44:14.797Z","v":0}
{"name":"hexo","hostname":"localhost","pid":3927,"level":20,"msg":"Generator: \u001b[35mpage\u001b[39m","time":"2016-04-04T15:44:15.002Z","v":0}
{"name":"hexo","hostname":"localhost","pid":3927,"level":20,"msg":"Generator: \u001b[35mpost\u001b[39m","time":"2016-04-04T15:44:15.003Z","v":0}
{"name":"hexo","hostname":"localhost","pid":3927,"level":20,"msg":"Generator: \u001b[35marchive\u001b[39m","time":"2016-04-04T15:44:15.003Z","v":0}
{"name":"hexo","hostname":"localhost","pid":3927,"level":20,"msg":"Generator: \u001b[35mcategory\u001b[39m","time":"2016-04-04T15:44:15.003Z","v":0}
{"name":"hexo","hostname":"localhost","pid":3927,"level":20,"msg":"Generator: \u001b[35mindex\u001b[39m","time":"2016-04-04T15:44:15.004Z","v":0}
{"name":"hexo","hostname":"localhost","pid":3927,"level":20,"msg":"Generator: \u001b[35mtag\u001b[39m","time":"2016-04-04T15:44:15.004Z","v":0}
{"name":"hexo","hostname":"localhost","pid":3927,"level":20,"msg":"Generator: \u001b[35masset\u001b[39m","time":"2016-04-04T15:44:15.008Z","v":0}
{"name":"hexo","hostname":"localhost","pid":3927,"level":30,"msg":"Hexo is running at \u001b[4mhttp://localhost:4000/\u001b[24m. Press Ctrl+C to stop.","time":"2016-04-04T15:44:15.014Z","v":0}
{"name":"hexo","hostname":"localhost","pid":3927,"level":20,"msg":"Database saved","time":"2016-04-04T15:44:15.028Z","v":0}
{"name":"hexo","hostname":"localhost","pid":3927,"level":20,"msg":"Rendering index: \u001b[35mindex.html\u001b[39m","time":"2016-04-04T15:44:37.991Z","v":0}
{"name":"hexo","hostname":"localhost","pid":3927,"level":30,"msg":"Farewell","time":"2016-04-04T15:49:32.027Z","v":0}
{"name":"hexo","hostname":"localhost","pid":3927,"level":20,"msg":"Database saved","time":"2016-04-04T15:49:32.041Z","v":0}
